<?xml version="1.0" encoding="UTF-8"?>
<testng-results skipped="0" failed="0" total="2" passed="2">
  <reporter-output>
  </reporter-output>
  <suite name="DemoXMLFilesCreation" duration-ms="63" started-at="2021-01-13T07:40:30Z" finished-at="2021-01-13T07:40:30Z">
    <groups>
    </groups>
    <test name="demoXML" duration-ms="63" started-at="2021-01-13T07:40:30Z" finished-at="2021-01-13T07:40:30Z">
      <class name="convertToXMLDemo.ConvertToXML">
        <test-method status="PASS" signature="displayResult()[pri:0, instance:convertToXMLDemo.ConvertToXML@337d0578]" name="displayResult" duration-ms="15" started-at="2021-01-13T13:10:30Z" finished-at="2021-01-13T13:10:30Z">
          <reporter-output>
          </reporter-output>
        </test-method> <!-- displayResult -->
      </class> <!-- convertToXMLDemo.ConvertToXML -->
      <class name="convertToXMLDemo.ConvertToXML1">
        <test-method status="PASS" signature="displayResult()[pri:0, instance:convertToXMLDemo.ConvertToXML1@39fb3ab6]" name="displayResult" duration-ms="5" started-at="2021-01-13T13:10:30Z" finished-at="2021-01-13T13:10:30Z">
          <reporter-output>
          </reporter-output>
        </test-method> <!-- displayResult -->
      </class> <!-- convertToXMLDemo.ConvertToXML1 -->
    </test> <!-- demoXML -->
  </suite> <!-- DemoXMLFilesCreation -->
</testng-results>
